INFO    : PreTeXt project found in `/home/runner/work/statistics/statistics`.
WARNING : Project's CLI version could not be detected from `requirements.txt`.
WARNING : Try `pretext init --refresh` to produce a compatible file.
INFO    : 
WARNING : Assets like latex-images will not be regenerated for this build
WARNING : (previously generated assets will be used if they exist).
WARNING : To generate these assets before building, run `pretext build -g`.
INFO    : Preparing to build into /home/runner/work/statistics/statistics/output/html.
INFO    : 
Now building HTML into /home/runner/work/statistics/statistics/output/html

INFO    : discovering source file's directory name: /home/runner/work/statistics/statistics/source
INFO    : verifying and expanding input directory: /home/runner/work/statistics/statistics/source/../generated-assets
INFO    : input directory expanded to absolute path: /home/runner/work/statistics/statistics/generated-assets
INFO    : verifying and expanding input directory: /home/runner/work/statistics/statistics/source/../imgs
INFO    : input directory expanded to absolute path: /home/runner/work/statistics/statistics/imgs
INFO    : converting /home/runner/work/statistics/statistics/source/main.ptx to HTML in /tmp/tmph_haliiw
INFO    : XSL conversion of /home/runner/work/statistics/statistics/source/main.ptx by /home/runner/.ptx/xsl/pretext-html.xsl
INFO    : comprehensive messages, warnings, and errors:
INFO    : successful application of /home/runner/.ptx/xsl/pretext-html.xsl
INFO    : 
Success! Run `pretext view html` to see the results.

INFO    : 
